========================================================= test session starts ==========================================================
platform win32 -- Python 3.7.3, pytest-4.6.2, py-1.8.0, pluggy-0.12.0
rootdir: C:\GIT\masters\code\tests, inifile: pytest.ini
plugins: session2file-0.1.9
collecting ... 
collected 0 items                                                                                                                       

=========================================================== warnings summary ===========================================================
c:\users\d7rob\appdata\local\programs\python\python37\lib\site-packages\_pytest\config\__init__.py:784
  c:\users\d7rob\appdata\local\programs\python\python37\lib\site-packages\_pytest\config\__init__.py:784: PytestAssertRewriteWarning: Module already imported so cannot be rewritten: pytest_session2file
    self._mark_plugins_for_rewrite(hook)

-- Docs: https://docs.pytest.org/en/latest/warnings.html
====================================================== 1 warnings in 0.01 seconds ======================================================
